android/app/build/intermediates/manifest_merge_blame_file/debug/manifest-merger-blame-debug-report.txt
1<?xml version="1.0" encoding="utf-8"?>
2<manifest xmlns:android="http://schemas.android.com/apk/res/android"
3    package="com.example.arcindoor"
4    android:versionCode="1"
5    android:versionName="1.0" >
6
7    <uses-sdk
8        android:minSdkVersion="26"
8-->src\main\AndroidManifest.xml
9        android:targetSdkVersion="30" />
9-->src\main\AndroidManifest.xml
10
11    <application
11-->src\main\AndroidManifest.xml:5:5-25:19
12        android:allowBackup="true"
12-->src\main\AndroidManifest.xml:6:9-35
13        android:appComponentFactory="androidx.core.app.CoreComponentFactory"
13-->[androidx.core:core:1.5.0] AndroidManifest.xml:24:18-86
14        android:debuggable="true"
15        android:extractNativeLibs="false"
16        android:icon="@mipmap/ic_launcher"
16-->src\main\AndroidManifest.xml:7:9-43
17        android:label="@string/app_name"
17-->src\main\AndroidManifest.xml:8:9-41
18        android:roundIcon="@mipmap/ic_launcher_round"
18-->src\main\AndroidManifest.xml:9:9-54
19        android:supportsRtl="true"
19-->src\main\AndroidManifest.xml:10:9-35
20        android:testOnly="true"
21        android:theme="@style/Theme.ARCIndoor" >
21-->src\main\AndroidManifest.xml:11:9-47
22        <service
22-->src\main\AndroidManifest.xml:12:9-15:37
23            android:name="com.navigine.naviginesdk.NavigineJobService"
23-->src\main\AndroidManifest.xml:12:18-76
24            android:enabled="true"
24-->src\main\AndroidManifest.xml:15:13-35
25            android:exported="false"
25-->src\main\AndroidManifest.xml:14:13-37
26            android:permission="android.permission.BIND_JOB_SERVICE" />
26-->src\main\AndroidManifest.xml:13:13-69
27
28        <receiver
28-->src\main\AndroidManifest.xml:17:9-24:20
29            android:name="com.navigine.naviginesdk.BLEBroadcastReceiver"
29-->src\main\AndroidManifest.xml:17:19-79
30            android:enabled="true"
30-->src\main\AndroidManifest.xml:18:13-35
31            android:exported="true"
31-->src\main\AndroidManifest.xml:19:13-36
32            android:permission="android.permission.RECEIVE_BOOT_COMPLETED" >
32-->src\main\AndroidManifest.xml:20:13-75
33            <intent-filter>
33-->src\main\AndroidManifest.xml:21:13-23:29
34                <action android:name="android.intent.action.BOOT_COMPLETED" />
34-->src\main\AndroidManifest.xml:22:17-78
34-->src\main\AndroidManifest.xml:22:25-76
35            </intent-filter>
36        </receiver>
37    </application>
38
39</manifest>